<testsuite failures="0" name="src/test/java/com/assignment3/Karate_Sathya/Client_Credentials_API.feature" skipped="0" tests="1" time="12.148701">
  <testcase classname="src.test.java.com.assignment3.Karate_Sathya.Client_Credentials_API" name="To verify the request with invalid grant_type as loan_authorization" time="12.148701">
    <system-out>* call read('classpath:reusable.feature') ................................. passed
* def testData = read('classpath:com/assignment3/karateFW/testdata/testData.json') . passed
Given url testData.baseURI + testData.CardAuthResource .................... passed
And header Authorization = testData.base64 ................................ passed
And header Content-Type = testData.Content_Type ........................... passed
And header Accept = testData.accept ....................................... passed
And header uuid = randomString(20) ........................................ passed
And form field grant_type = testData.Invalid_Grant_Type ................... passed
And form field scope = testData.Scope ..................................... passed
When method post .......................................................... passed
Then status 400 ........................................................... passed
And match responseType == 'json' .......................................... passed
* print response .......................................................... passed
* match response.error == 'invalid_grant' ................................. passed
* print '********* Bad Request *********' ................................. passed</system-out>
  </testcase>
</testsuite>
